

Started GET "/" for 127.0.0.1 at 2011-05-13 09:21:19 -0400
  Processing by HomeController#index as HTML
Rendered home/index.html.erb within layouts/application (2.3ms)
Completed 200 OK in 7ms (Views: 6.9ms | ActiveRecord: 0.0ms)


Started GET "/mp3s" for 127.0.0.1 at 2011-05-13 09:21:22 -0400
  Processing by Mp3sController#index as HTML
  [1m[36mMp3 Load (0.4ms)[0m  [1mSELECT `mp3s`.* FROM `mp3s`[0m
  [1m[35mRating Load (0.4ms)[0m  SELECT `ratings`.* FROM `ratings` WHERE (`ratings`.mp3_id = 1)
  [1m[36mRating Load (0.4ms)[0m  [1mSELECT `ratings`.* FROM `ratings` WHERE (`ratings`.mp3_id = 2)[0m
  [1m[35mRating Load (0.4ms)[0m  SELECT `ratings`.* FROM `ratings` WHERE (`ratings`.mp3_id = 3)
  [1m[36mRating Load (0.3ms)[0m  [1mSELECT `ratings`.* FROM `ratings` WHERE (`ratings`.mp3_id = 4)[0m
  [1m[35mRating Load (0.2ms)[0m  SELECT `ratings`.* FROM `ratings` WHERE (`ratings`.mp3_id = 5)
  [1m[36mRating Load (0.2ms)[0m  [1mSELECT `ratings`.* FROM `ratings` WHERE (`ratings`.mp3_id = 6)[0m
  [1m[35mRating Load (0.2ms)[0m  SELECT `ratings`.* FROM `ratings` WHERE (`ratings`.mp3_id = 7)
  [1m[36mRating Load (0.3ms)[0m  [1mSELECT `ratings`.* FROM `ratings` WHERE (`ratings`.mp3_id = 8)[0m
  [1m[35mRating Load (0.3ms)[0m  SELECT `ratings`.* FROM `ratings` WHERE (`ratings`.mp3_id = 9)
  [1m[36mRating Load (0.3ms)[0m  [1mSELECT `ratings`.* FROM `ratings` WHERE (`ratings`.mp3_id = 10)[0m
  [1m[35mRating Load (0.2ms)[0m  SELECT `ratings`.* FROM `ratings` WHERE (`ratings`.mp3_id = 11)
Rendered mp3s/index.html.erb within layouts/application (115.9ms)
Completed 200 OK in 218ms (Views: 117.1ms | ActiveRecord: 3.7ms)


Started GET "/playlist/new" for 127.0.0.1 at 2011-05-13 09:21:24 -0400
  Processing by PlaylistController#new as HTML
  [1m[36mMp3 Load (0.3ms)[0m  [1mSELECT `mp3s`.* FROM `mp3s`[0m
Rendered playlist/new.html.erb within layouts/application (3.7ms)
Completed 200 OK in 26ms (Views: 8.3ms | ActiveRecord: 0.3ms)


Started GET "/playlist" for 127.0.0.1 at 2011-05-13 09:21:27 -0400
  Processing by PlaylistController#index as HTML
  [1m[35mMp3 Load (0.3ms)[0m  SELECT `mp3s`.* FROM `mp3s`
Rendered playlist/_form.html.erb (7.4ms)
Rendered playlist/index.html.erb within layouts/application (11.0ms)
Completed 200 OK in 26ms (Views: 15.2ms | ActiveRecord: 0.3ms)


Started GET "/playlist/new" for 127.0.0.1 at 2011-05-13 09:21:29 -0400
  Processing by PlaylistController#new as HTML
  [1m[36mMp3 Load (0.4ms)[0m  [1mSELECT `mp3s`.* FROM `mp3s`[0m
Rendered playlist/new.html.erb within layouts/application (3.4ms)
Completed 200 OK in 26ms (Views: 7.6ms | ActiveRecord: 0.4ms)


Started POST "/playlist" for 127.0.0.1 at 2011-05-13 09:21:32 -0400
  Processing by PlaylistController#create as HTML
  Parameters: {"utf8"=>"✓", "authenticity_token"=>"BHQj3mPhrtx8ffLJdrttUhn0Al1YLW7iW8gfbHd49RY=", "artist"=>{"name"=>"Beatles"}, "rating"=>{"value"=>"1"}, "commit"=>"Filter Playlist"}
  [1m[35mSQL (0.4ms)[0m  SHOW TABLES
  [1m[36mMp3 Load (17.6ms)[0m  [1mSELECT `mp3s`.* FROM `mp3s` INNER JOIN `ratings` ON `ratings`.`mp3_id` = `mp3s`.`id` WHERE `mp3s`.`artist_name` = 'Beatles'[0m
  [1m[35mRating Load (0.3ms)[0m  SELECT `ratings`.* FROM `ratings` WHERE (`ratings`.mp3_id = 1)
  [1m[36mCACHE (0.0ms)[0m  [1mSELECT `ratings`.* FROM `ratings` WHERE (`ratings`.mp3_id = 1)[0m
  [1m[35mCACHE (0.0ms)[0m  SELECT `ratings`.* FROM `ratings` WHERE (`ratings`.mp3_id = 1)
  [1m[36mCACHE (0.0ms)[0m  [1mSELECT `ratings`.* FROM `ratings` WHERE (`ratings`.mp3_id = 1)[0m
  [1m[35mCACHE (0.0ms)[0m  SELECT `ratings`.* FROM `ratings` WHERE (`ratings`.mp3_id = 1)
  [1m[36mRating Load (0.3ms)[0m  [1mSELECT `ratings`.* FROM `ratings` WHERE (`ratings`.mp3_id = 3)[0m
  [1m[35mCACHE (0.0ms)[0m  SELECT `ratings`.* FROM `ratings` WHERE (`ratings`.mp3_id = 3)
  [1m[36mCACHE (0.0ms)[0m  [1mSELECT `ratings`.* FROM `ratings` WHERE (`ratings`.mp3_id = 3)[0m
  [1m[35mCACHE (0.0ms)[0m  SELECT `ratings`.* FROM `ratings` WHERE (`ratings`.mp3_id = 3)
  [1m[36mCACHE (0.0ms)[0m  [1mSELECT `ratings`.* FROM `ratings` WHERE (`ratings`.mp3_id = 3)[0m
  [1m[35mRating Load (0.3ms)[0m  SELECT `ratings`.* FROM `ratings` WHERE (`ratings`.mp3_id = 4)
  [1m[36mCACHE (0.0ms)[0m  [1mSELECT `ratings`.* FROM `ratings` WHERE (`ratings`.mp3_id = 4)[0m
  [1m[35mCACHE (0.0ms)[0m  SELECT `ratings`.* FROM `ratings` WHERE (`ratings`.mp3_id = 4)
  [1m[36mCACHE (0.0ms)[0m  [1mSELECT `ratings`.* FROM `ratings` WHERE (`ratings`.mp3_id = 4)[0m
  [1m[35mCACHE (0.0ms)[0m  SELECT `ratings`.* FROM `ratings` WHERE (`ratings`.mp3_id = 4)
Rendered playlist/_form.html.erb (0.8ms)
Rendered playlist/create.html.erb within layouts/application (4.1ms)
Completed 200 OK in 219ms (Views: 8.4ms | ActiveRecord: 19.0ms)


Started GET "/playlist/new" for 127.0.0.1 at 2011-05-13 09:21:36 -0400
  Processing by PlaylistController#new as HTML
  [1m[36mMp3 Load (0.4ms)[0m  [1mSELECT `mp3s`.* FROM `mp3s`[0m
Rendered playlist/new.html.erb within layouts/application (3.2ms)
Completed 200 OK in 25ms (Views: 7.3ms | ActiveRecord: 0.4ms)


Started GET "/mp3s" for 127.0.0.1 at 2011-05-13 09:21:41 -0400
  Processing by Mp3sController#index as HTML
  [1m[35mMp3 Load (0.3ms)[0m  SELECT `mp3s`.* FROM `mp3s`
  [1m[36mRating Load (31.9ms)[0m  [1mSELECT `ratings`.* FROM `ratings` WHERE (`ratings`.mp3_id = 1)[0m
  [1m[35mRating Load (0.4ms)[0m  SELECT `ratings`.* FROM `ratings` WHERE (`ratings`.mp3_id = 2)
  [1m[36mRating Load (0.3ms)[0m  [1mSELECT `ratings`.* FROM `ratings` WHERE (`ratings`.mp3_id = 3)[0m
  [1m[35mRating Load (0.4ms)[0m  SELECT `ratings`.* FROM `ratings` WHERE (`ratings`.mp3_id = 4)
  [1m[36mRating Load (0.3ms)[0m  [1mSELECT `ratings`.* FROM `ratings` WHERE (`ratings`.mp3_id = 5)[0m
  [1m[35mRating Load (0.2ms)[0m  SELECT `ratings`.* FROM `ratings` WHERE (`ratings`.mp3_id = 6)
  [1m[36mRating Load (0.2ms)[0m  [1mSELECT `ratings`.* FROM `ratings` WHERE (`ratings`.mp3_id = 7)[0m
  [1m[35mRating Load (0.2ms)[0m  SELECT `ratings`.* FROM `ratings` WHERE (`ratings`.mp3_id = 8)
  [1m[36mRating Load (0.3ms)[0m  [1mSELECT `ratings`.* FROM `ratings` WHERE (`ratings`.mp3_id = 9)[0m
  [1m[35mRating Load (0.3ms)[0m  SELECT `ratings`.* FROM `ratings` WHERE (`ratings`.mp3_id = 10)
  [1m[36mRating Load (0.2ms)[0m  [1mSELECT `ratings`.* FROM `ratings` WHERE (`ratings`.mp3_id = 11)[0m
Rendered mp3s/index.html.erb within layouts/application (130.5ms)
Completed 200 OK in 146ms (Views: 99.7ms | ActiveRecord: 35.0ms)
  [1m[36mSQL (0.4ms)[0m  [1mSHOW TABLES[0m
  [1m[35mSQL (0.2ms)[0m  SHOW TABLES
  [1m[36mSQL (0.3ms)[0m  [1mSELECT `schema_migrations`.`version` FROM `schema_migrations`[0m
  [1m[35mSQL (4.0ms)[0m  DROP DATABASE IF EXISTS `musica_test`
  [1m[36mSQL (0.3ms)[0m  [1mCREATE DATABASE `musica_test` DEFAULT CHARACTER SET `utf8`[0m
  [1m[35mSQL (0.3ms)[0m  SHOW TABLES
  [1m[36mSQL (129.9ms)[0m  [1mCREATE TABLE `mp3s` (`id` int(11) DEFAULT NULL auto_increment PRIMARY KEY, `url` varchar(255), `title` varchar(255), `artist_name` varchar(255), `length` int(11), `created_at` datetime, `updated_at` datetime) ENGINE=InnoDB[0m
  [1m[35mSQL (0.5ms)[0m  SHOW TABLES
  [1m[36mSQL (167.9ms)[0m  [1mCREATE TABLE `ratings` (`id` int(11) DEFAULT NULL auto_increment PRIMARY KEY, `user` varchar(255), `value` int(11), `mp3_id` int(11), `created_at` datetime, `updated_at` datetime) ENGINE=InnoDB[0m
  [1m[35mSQL (0.3ms)[0m  SHOW TABLES
  [1m[36mSQL (99.2ms)[0m  [1mCREATE TABLE `schema_migrations` (`version` varchar(255) NOT NULL) ENGINE=InnoDB[0m
  [1m[35mSQL (0.5ms)[0m  SHOW KEYS FROM `schema_migrations`
  [1m[36mSQL (101.8ms)[0m  [1mCREATE UNIQUE INDEX `unique_schema_migrations` ON `schema_migrations` (`version`)[0m
  [1m[35mSQL (0.4ms)[0m  SHOW TABLES
  [1m[36mSQL (0.3ms)[0m  [1mSELECT version FROM `schema_migrations`[0m
  [1m[35mSQL (0.8ms)[0m  INSERT INTO `schema_migrations` (version) VALUES ('20110512011716')
  [1m[36mSQL (0.8ms)[0m  [1mINSERT INTO `schema_migrations` (version) VALUES ('20110510222654')[0m
